<?xml version="1.0" encoding="UTF-8"?>
<testExecutions version="1">
  <file path="C:\Users\andre\Desktop\getrepo\client-engagement-portal-front\src\App.test.tsx">
  </file>
</testExecutions>